app/build/outputs/apk/manifest-merger-debug-report.txt
-- Merging decision tree log ---
manifest
ADDED from AndroidManifest.xml:8:1
	package
		ADDED from AndroidManifest.xml:9:5
		INJECTED from AndroidManifest.xml:0:0
		INJECTED from AndroidManifest.xml:0:0
	android:versionName
		ADDED from AndroidManifest.xml:12:5
	android:versionCode
		ADDED from AndroidManifest.xml:11:5
		INJECTED from AndroidManifest.xml:0:0
		INJECTED from AndroidManifest.xml:0:0
	xmlns:android
		ADDED from AndroidManifest.xml:8:11
	android:installLocation
		ADDED from AndroidManifest.xml:10:5
uses-sdk
ADDED from AndroidManifest.xml:15:5
MERGED from com.google.android.gms:play-services:6.1.71:15:5
MERGED from com.android.support:support-v4:20.0.0:16:5
	android:targetSdkVersion
		ADDED from AndroidManifest.xml:17:9
		INJECTED from AndroidManifest.xml:0:0
		INJECTED from AndroidManifest.xml:0:0
	android:minSdkVersion
		ADDED from AndroidManifest.xml:16:9
		INJECTED from AndroidManifest.xml:0:0
		INJECTED from AndroidManifest.xml:0:0
permission#com.prey.permission.C2D_MESSAGE
ADDED from AndroidManifest.xml:20:5
	android:protectionLevel
		ADDED from AndroidManifest.xml:22:9
	android:name
		ADDED from AndroidManifest.xml:21:9
uses-permission#com.prey.permission.C2D_MESSAGE
ADDED from AndroidManifest.xml:24:5
	android:name
		ADDED from AndroidManifest.xml:24:22
uses-feature#android.hardware.location.network
ADDED from AndroidManifest.xml:26:5
	android:required
		ADDED from AndroidManifest.xml:26:68
	android:name
		ADDED from AndroidManifest.xml:26:19
uses-feature#android.hardware.telephony
ADDED from AndroidManifest.xml:27:5
	android:required
		ADDED from AndroidManifest.xml:27:61
	android:name
		ADDED from AndroidManifest.xml:27:19
uses-feature#android.hardware.location
ADDED from AndroidManifest.xml:28:5
	android:required
		ADDED from AndroidManifest.xml:28:60
	android:name
		ADDED from AndroidManifest.xml:28:19
uses-feature#android.hardware.location.gps
ADDED from AndroidManifest.xml:29:5
	android:required
		ADDED from AndroidManifest.xml:29:64
	android:name
		ADDED from AndroidManifest.xml:29:19
uses-feature#android.hardware.touchscreen
ADDED from AndroidManifest.xml:30:5
	android:required
		ADDED from AndroidManifest.xml:30:63
	android:name
		ADDED from AndroidManifest.xml:30:19
uses-feature#android.hardware.camera
ADDED from AndroidManifest.xml:32:5
	android:required
		ADDED from AndroidManifest.xml:32:58
	android:name
		ADDED from AndroidManifest.xml:32:19
uses-feature#android.hardware.camera.autofocus
ADDED from AndroidManifest.xml:33:5
	android:required
		ADDED from AndroidManifest.xml:33:68
	android:name
		ADDED from AndroidManifest.xml:33:19
uses-feature#android.hardware.camera.flash
ADDED from AndroidManifest.xml:34:5
	android:required
		ADDED from AndroidManifest.xml:34:64
	android:name
		ADDED from AndroidManifest.xml:34:19
uses-feature#android.hardware.camera.front
ADDED from AndroidManifest.xml:35:5
	android:required
		ADDED from AndroidManifest.xml:35:64
	android:name
		ADDED from AndroidManifest.xml:35:19
uses-feature#android.hardware.microphone
ADDED from AndroidManifest.xml:37:5
	android:required
		ADDED from AndroidManifest.xml:37:62
	android:name
		ADDED from AndroidManifest.xml:37:19
uses-permission#android.permission.MODIFY_AUDIO_SETTINGS
ADDED from AndroidManifest.xml:39:5
	android:name
		ADDED from AndroidManifest.xml:39:22
uses-permission#android.permission.ACCESS_COARSE_LOCATION
ADDED from AndroidManifest.xml:44:5
	android:name
		ADDED from AndroidManifest.xml:44:22
uses-permission#android.permission.ACCESS_FINE_LOCATION
ADDED from AndroidManifest.xml:45:5
	android:name
		ADDED from AndroidManifest.xml:45:22
uses-permission#android.permission.INTERNET
ADDED from AndroidManifest.xml:46:5
	android:name
		ADDED from AndroidManifest.xml:46:22
uses-permission#android.permission.RECEIVE_BOOT_COMPLETED
ADDED from AndroidManifest.xml:47:5
	android:name
		ADDED from AndroidManifest.xml:47:22
uses-permission#android.permission.ACTION_SHUTDOWN
ADDED from AndroidManifest.xml:48:5
	android:name
		ADDED from AndroidManifest.xml:48:22
uses-permission#android.permission.READ_PHONE_STATE
ADDED from AndroidManifest.xml:50:5
	android:name
		ADDED from AndroidManifest.xml:50:22
uses-permission#android.permission.ACCESS_NETWORK_STATE
ADDED from AndroidManifest.xml:51:5
	android:name
		ADDED from AndroidManifest.xml:51:22
uses-permission#android.permission.READ_SMS
ADDED from AndroidManifest.xml:53:5
	android:name
		ADDED from AndroidManifest.xml:53:22
uses-permission#android.permission.RECEIVE_SMS
ADDED from AndroidManifest.xml:54:5
	android:name
		ADDED from AndroidManifest.xml:54:22
uses-permission#android.permission.RECEIVE_MMS
ADDED from AndroidManifest.xml:55:5
	android:name
		ADDED from AndroidManifest.xml:55:22
uses-permission#android.permission.BIND_DEVICE_ADMIN
ADDED from AndroidManifest.xml:58:5
	android:name
		ADDED from AndroidManifest.xml:58:22
uses-permission#android.permission.WRITE_SETTINGS
ADDED from AndroidManifest.xml:59:5
	android:name
		ADDED from AndroidManifest.xml:59:22
uses-permission#android.permission.WRITE_EXTERNAL_STORAGE
ADDED from AndroidManifest.xml:60:5
	android:name
		ADDED from AndroidManifest.xml:60:22
uses-permission#android.permission.ACCESS_WIFI_STATE
ADDED from AndroidManifest.xml:61:5
	android:name
		ADDED from AndroidManifest.xml:61:22
uses-permission#android.permission.CHANGE_WIFI_STATE
ADDED from AndroidManifest.xml:62:5
	android:name
		ADDED from AndroidManifest.xml:62:22
uses-permission#android.permission.CHANGE_NETWORK_STATE
ADDED from AndroidManifest.xml:63:5
	android:name
		ADDED from AndroidManifest.xml:63:22
uses-permission#android.permission.WAKE_LOCK
ADDED from AndroidManifest.xml:64:5
	android:name
		ADDED from AndroidManifest.xml:64:22
uses-permission#android.permission.GET_ACCOUNTS
ADDED from AndroidManifest.xml:66:5
	android:name
		ADDED from AndroidManifest.xml:66:22
uses-permission#com.google.android.c2dm.permission.RECEIVE
ADDED from AndroidManifest.xml:69:5
	android:name
		ADDED from AndroidManifest.xml:69:22
uses-permission#android.permission.CAMERA
ADDED from AndroidManifest.xml:72:5
	android:name
		ADDED from AndroidManifest.xml:72:22
uses-permission#android.permission.USES_POLICY_FORCE_LOCK
ADDED from AndroidManifest.xml:75:5
	android:name
		ADDED from AndroidManifest.xml:75:22
application
ADDED from AndroidManifest.xml:82:5
MERGED from com.google.android.gms:play-services:6.1.71:16:5
MERGED from com.android.support:support-v4:20.0.0:17:5
	android:screenOrientation
		ADDED from AndroidManifest.xml:88:9
	android:label
		ADDED from AndroidManifest.xml:85:9
	android:configChanges
		ADDED from AndroidManifest.xml:87:9
	android:allowBackup
		ADDED from AndroidManifest.xml:89:9
	android:icon
		ADDED from AndroidManifest.xml:84:9
	android:theme
		ADDED from AndroidManifest.xml:86:9
	android:name
		ADDED from AndroidManifest.xml:83:9
activity#com.prey.activities.LoginActivity
ADDED from AndroidManifest.xml:93:9
	android:clearTaskOnLaunch
		ADDED from AndroidManifest.xml:95:13
	android:screenOrientation
		ADDED from AndroidManifest.xml:99:13
	android:label
		ADDED from AndroidManifest.xml:97:13
	android:launchMode
		ADDED from AndroidManifest.xml:98:13
	android:configChanges
		ADDED from AndroidManifest.xml:96:13
	android:name
		ADDED from AndroidManifest.xml:94:13
intent-filter#android.intent.action.MAIN+android.intent.category.LAUNCHER
ADDED from AndroidManifest.xml:100:13
action#android.intent.action.MAIN
ADDED from AndroidManifest.xml:101:17
	android:name
		ADDED from AndroidManifest.xml:101:25
category#android.intent.category.LAUNCHER
ADDED from AndroidManifest.xml:103:17
	android:name
		ADDED from AndroidManifest.xml:103:27
activity#com.prey.activities.WelcomeActivity
ADDED from AndroidManifest.xml:106:9
	android:screenOrientation
		ADDED from AndroidManifest.xml:109:13
	android:configChanges
		ADDED from AndroidManifest.xml:108:13
	android:name
		ADDED from AndroidManifest.xml:107:13
activity#com.prey.activities.WelcomeBatchActivity
ADDED from AndroidManifest.xml:110:9
	android:screenOrientation
		ADDED from AndroidManifest.xml:113:13
	android:configChanges
		ADDED from AndroidManifest.xml:112:13
	android:name
		ADDED from AndroidManifest.xml:111:13
activity#com.prey.activities.CheckPasswordActivity
ADDED from AndroidManifest.xml:114:9
	android:screenOrientation
		ADDED from AndroidManifest.xml:120:13
	android:launchMode
		ADDED from AndroidManifest.xml:116:13
	android:noHistory
		ADDED from AndroidManifest.xml:117:13
	android:windowSoftInputMode
		ADDED from AndroidManifest.xml:118:13
	android:configChanges
		ADDED from AndroidManifest.xml:119:13
	android:name
		ADDED from AndroidManifest.xml:115:13
activity#com.prey.activities.PreyConfigurationActivity
ADDED from AndroidManifest.xml:121:9
	android:screenOrientation
		ADDED from AndroidManifest.xml:124:13
	android:launchMode
		ADDED from AndroidManifest.xml:126:13
	android:noHistory
		ADDED from AndroidManifest.xml:127:13
	android:configChanges
		ADDED from AndroidManifest.xml:123:13
	android:finishOnTaskLaunch
		ADDED from AndroidManifest.xml:125:13
	android:theme
		ADDED from AndroidManifest.xml:128:13
	android:name
		ADDED from AndroidManifest.xml:122:13
activity#com.prey.activities.PopUpAlertActivity
ADDED from AndroidManifest.xml:130:9
	android:clearTaskOnLaunch
		ADDED from AndroidManifest.xml:133:13
	android:screenOrientation
		ADDED from AndroidManifest.xml:132:13
	android:label
		ADDED from AndroidManifest.xml:135:13
	android:launchMode
		ADDED from AndroidManifest.xml:136:13
	android:configChanges
		ADDED from AndroidManifest.xml:134:13
	android:name
		ADDED from AndroidManifest.xml:131:13
activity#com.prey.activities.FeedbackActivity
ADDED from AndroidManifest.xml:137:9
	android:clearTaskOnLaunch
		ADDED from AndroidManifest.xml:140:13
	android:screenOrientation
		ADDED from AndroidManifest.xml:139:13
	android:label
		ADDED from AndroidManifest.xml:142:13
	android:launchMode
		ADDED from AndroidManifest.xml:143:13
	android:configChanges
		ADDED from AndroidManifest.xml:141:13
	android:name
		ADDED from AndroidManifest.xml:138:13
activity#com.prey.activities.FormFeedbackActivity
ADDED from AndroidManifest.xml:145:9
	android:clearTaskOnLaunch
		ADDED from AndroidManifest.xml:148:13
	android:screenOrientation
		ADDED from AndroidManifest.xml:147:13
	android:label
		ADDED from AndroidManifest.xml:150:13
	android:launchMode
		ADDED from AndroidManifest.xml:151:13
	android:configChanges
		ADDED from AndroidManifest.xml:149:13
	android:name
		ADDED from AndroidManifest.xml:146:13
activity#com.prey.activities.CameraActivity
ADDED from AndroidManifest.xml:153:9
	android:clearTaskOnLaunch
		ADDED from AndroidManifest.xml:155:13
	android:screenOrientation
		ADDED from AndroidManifest.xml:157:13
	android:label
		ADDED from AndroidManifest.xml:158:13
	android:launchMode
		ADDED from AndroidManifest.xml:159:13
	android:configChanges
		ADDED from AndroidManifest.xml:156:13
	android:name
		ADDED from AndroidManifest.xml:154:13
activity#com.prey.activities.SMSContactActivity
ADDED from AndroidManifest.xml:160:9
	android:screenOrientation
		ADDED from AndroidManifest.xml:163:13
	android:configChanges
		ADDED from AndroidManifest.xml:162:13
	android:name
		ADDED from AndroidManifest.xml:161:13
intent-filter#android.intent.category.DEFAULT+com.prey.activities.SEND_SMS_CONF
ADDED from AndroidManifest.xml:164:13
action#com.prey.activities.SEND_SMS_CONF
ADDED from AndroidManifest.xml:165:17
	android:name
		ADDED from AndroidManifest.xml:165:25
category#android.intent.category.DEFAULT
ADDED from AndroidManifest.xml:167:17
	android:name
		ADDED from AndroidManifest.xml:167:27
activity#com.prey.activities.CreateAccountActivity
ADDED from AndroidManifest.xml:170:9
	android:screenOrientation
		ADDED from AndroidManifest.xml:174:13
	android:windowSoftInputMode
		ADDED from AndroidManifest.xml:173:13
	android:configChanges
		ADDED from AndroidManifest.xml:172:13
	android:name
		ADDED from AndroidManifest.xml:171:13
activity#com.prey.activities.AddDeviceToAccountActivity
ADDED from AndroidManifest.xml:175:9
	android:screenOrientation
		ADDED from AndroidManifest.xml:179:13
	android:windowSoftInputMode
		ADDED from AndroidManifest.xml:178:13
	android:configChanges
		ADDED from AndroidManifest.xml:177:13
	android:name
		ADDED from AndroidManifest.xml:176:13
activity#com.prey.activities.CongratulationsActivity
ADDED from AndroidManifest.xml:180:9
	android:screenOrientation
		ADDED from AndroidManifest.xml:183:13
	android:configChanges
		ADDED from AndroidManifest.xml:182:13
	android:name
		ADDED from AndroidManifest.xml:181:13
activity#com.prey.activities.DisableButtonActivity
ADDED from AndroidManifest.xml:184:9
	android:screenOrientation
		ADDED from AndroidManifest.xml:187:13
	android:configChanges
		ADDED from AndroidManifest.xml:186:13
	android:name
		ADDED from AndroidManifest.xml:185:13
activity#com.prey.activities.SimpleCameraActivity
ADDED from AndroidManifest.xml:188:9
	android:screenOrientation
		ADDED from AndroidManifest.xml:192:13
	android:configChanges
		ADDED from AndroidManifest.xml:191:13
	android:theme
		ADDED from AndroidManifest.xml:190:13
	android:name
		ADDED from AndroidManifest.xml:189:13
activity#com.prey.activities.SimpleVideoActivity
ADDED from AndroidManifest.xml:193:9
	android:screenOrientation
		ADDED from AndroidManifest.xml:197:13
	android:configChanges
		ADDED from AndroidManifest.xml:196:13
	android:theme
		ADDED from AndroidManifest.xml:195:13
	android:name
		ADDED from AndroidManifest.xml:194:13
activity#com.prey.activities.VideoActivity
ADDED from AndroidManifest.xml:198:9
	android:configChanges
		ADDED from AndroidManifest.xml:201:13
	android:theme
		ADDED from AndroidManifest.xml:200:13
	android:name
		ADDED from AndroidManifest.xml:199:13
activity#com.prey.activities.PermissionInformationActivity
ADDED from AndroidManifest.xml:202:9
	android:screenOrientation
		ADDED from AndroidManifest.xml:205:13
	android:configChanges
		ADDED from AndroidManifest.xml:204:13
	android:name
		ADDED from AndroidManifest.xml:203:13
activity#com.prey.activities.PermissionInformationBatchActivity
ADDED from AndroidManifest.xml:206:9
	android:screenOrientation
		ADDED from AndroidManifest.xml:209:13
	android:configChanges
		ADDED from AndroidManifest.xml:208:13
	android:name
		ADDED from AndroidManifest.xml:207:13
activity#com.prey.activities.StatusActivity
ADDED from AndroidManifest.xml:210:9
	android:screenOrientation
		ADDED from AndroidManifest.xml:213:13
	android:noHistory
		ADDED from AndroidManifest.xml:214:13
	android:configChanges
		ADDED from AndroidManifest.xml:212:13
	android:name
		ADDED from AndroidManifest.xml:211:13
intent-filter#android.intent.category.DEFAULT+com.prey.activities.StatusActivity
ADDED from AndroidManifest.xml:215:13
action#com.prey.activities.StatusActivity
ADDED from AndroidManifest.xml:216:17
	android:name
		ADDED from AndroidManifest.xml:216:25
activity#com.prey.activities.AgreementDialogActivity
ADDED from AndroidManifest.xml:221:9
	android:screenOrientation
		ADDED from AndroidManifest.xml:224:13
	android:configChanges
		ADDED from AndroidManifest.xml:223:13
	android:name
		ADDED from AndroidManifest.xml:222:13
service#com.prey.services.LocationService
ADDED from AndroidManifest.xml:227:9
	android:name
		ADDED from AndroidManifest.xml:227:18
service#com.prey.services.PreyBootService
ADDED from AndroidManifest.xml:228:9
	android:name
		ADDED from AndroidManifest.xml:228:18
service#com.prey.services.PreyRunnerService
ADDED from AndroidManifest.xml:229:9
	android:name
		ADDED from AndroidManifest.xml:229:18
service#com.prey.services.PreyDisablePowerOptionsService
ADDED from AndroidManifest.xml:230:9
	android:name
		ADDED from AndroidManifest.xml:230:18
service#com.prey.beta.services.PreyBetaRunnerService
ADDED from AndroidManifest.xml:231:9
	android:name
		ADDED from AndroidManifest.xml:231:18
service#com.prey.actions.report.ReportService
ADDED from AndroidManifest.xml:232:9
	android:name
		ADDED from AndroidManifest.xml:232:18
receiver#com.prey.receivers.SmsReceiver
ADDED from AndroidManifest.xml:235:9
	android:name
		ADDED from AndroidManifest.xml:235:19
intent-filter#android.provider.Telephony.SMS_RECEIVED
ADDED from AndroidManifest.xml:236:13
	android:priority
		ADDED from AndroidManifest.xml:236:28
action#android.provider.Telephony.SMS_RECEIVED
ADDED from AndroidManifest.xml:237:17
	android:name
		ADDED from AndroidManifest.xml:237:25
receiver#com.prey.receivers.PreyBootController
ADDED from AndroidManifest.xml:240:9
	android:enabled
		ADDED from AndroidManifest.xml:242:13
	android:label
		ADDED from AndroidManifest.xml:244:13
	android:exported
		ADDED from AndroidManifest.xml:243:13
	android:name
		ADDED from AndroidManifest.xml:241:13
intent-filter#android.intent.action.BOOT_COMPLETED
ADDED from AndroidManifest.xml:245:13
action#android.intent.action.BOOT_COMPLETED
ADDED from AndroidManifest.xml:246:17
	android:name
		ADDED from AndroidManifest.xml:246:25
receiver#com.prey.receivers.PreyShutdownReceiver
ADDED from AndroidManifest.xml:249:9
	android:enabled
		ADDED from AndroidManifest.xml:251:13
	android:label
		ADDED from AndroidManifest.xml:253:13
	android:exported
		ADDED from AndroidManifest.xml:252:13
	android:name
		ADDED from AndroidManifest.xml:250:13
intent-filter#android.intent.action.ACTION_SHUTDOWN
ADDED from AndroidManifest.xml:254:13
action#android.intent.action.ACTION_SHUTDOWN
ADDED from AndroidManifest.xml:255:17
	android:name
		ADDED from AndroidManifest.xml:255:25
receiver#com.prey.receivers.PreyDeviceAdmin
ADDED from AndroidManifest.xml:258:9
	android:label
		ADDED from AndroidManifest.xml:261:13
	android:permission
		ADDED from AndroidManifest.xml:262:13
	android:description
		ADDED from AndroidManifest.xml:260:13
	android:name
		ADDED from AndroidManifest.xml:259:13
meta-data#android.app.device_admin
ADDED from AndroidManifest.xml:263:13
	android:resource
		ADDED from AndroidManifest.xml:265:17
	android:name
		ADDED from AndroidManifest.xml:264:17
intent-filter#android.app.action.ACTION_DEVICE_ADMIN_DISABLED+android.app.action.ACTION_DEVICE_ADMIN_DISABLE_REQUESTED+android.app.action.ACTION_PASSWORD_CHANGED+android.app.action.ACTION_PASSWORD_FAILED+android.app.action.ACTION_PASSWORD_SUCCEEDED+android.app.action.DEVICE_ADMIN_ENABLED
ADDED from AndroidManifest.xml:267:13
action#android.app.action.DEVICE_ADMIN_ENABLED
ADDED from AndroidManifest.xml:268:17
	android:name
		ADDED from AndroidManifest.xml:268:25
action#android.app.action.ACTION_PASSWORD_SUCCEEDED
ADDED from AndroidManifest.xml:269:17
	android:name
		ADDED from AndroidManifest.xml:269:25
action#android.app.action.ACTION_PASSWORD_CHANGED
ADDED from AndroidManifest.xml:270:17
	android:name
		ADDED from AndroidManifest.xml:270:25
action#android.app.action.ACTION_PASSWORD_FAILED
ADDED from AndroidManifest.xml:271:17
	android:name
		ADDED from AndroidManifest.xml:271:25
action#android.app.action.ACTION_DEVICE_ADMIN_DISABLE_REQUESTED
ADDED from AndroidManifest.xml:272:17
	android:name
		ADDED from AndroidManifest.xml:272:25
action#android.app.action.ACTION_DEVICE_ADMIN_DISABLED
ADDED from AndroidManifest.xml:273:17
	android:name
		ADDED from AndroidManifest.xml:273:25
receiver#com.prey.receivers.PreyOutgoingCallReceiver
ADDED from AndroidManifest.xml:277:9
	android:name
		ADDED from AndroidManifest.xml:277:19
intent-filter#android.intent.category.DEFAULT+android.media.VOLUME_CHANGED_ACTION
ADDED from AndroidManifest.xml:278:13
action#android.media.VOLUME_CHANGED_ACTION
ADDED from AndroidManifest.xml:280:17
	android:name
		ADDED from AndroidManifest.xml:280:25
receiver#com.prey.receivers.PreyDisablePowerOptionsReceiver
ADDED from AndroidManifest.xml:285:9
	android:name
		ADDED from AndroidManifest.xml:285:19
intent-filter#android.intent.action.CLOSE_SYSTEM_DIALOGS+android.intent.category.DEFAULT
ADDED from AndroidManifest.xml:286:13
action#android.intent.action.CLOSE_SYSTEM_DIALOGS
ADDED from AndroidManifest.xml:287:17
	android:name
		ADDED from AndroidManifest.xml:287:25
receiver#com.prey.events.receivers.EventReceiver
ADDED from AndroidManifest.xml:293:9
	android:name
		ADDED from AndroidManifest.xml:294:13
intent-filter#android.intent.action.ACTION_SHUTDOWN+android.intent.action.AIRPLANE_MODE+android.intent.action.BATTERY_LOW+android.intent.action.BOOT_COMPLETED+android.net.conn.CONNECTIVITY_CHANGE+android.net.wifi.WIFI_STATE_CHANGED
ADDED from AndroidManifest.xml:295:13
	android:priority
		ADDED from AndroidManifest.xml:295:28
action#android.intent.action.BATTERY_LOW
ADDED from AndroidManifest.xml:303:17
	android:name
		ADDED from AndroidManifest.xml:303:25
action#android.net.conn.CONNECTIVITY_CHANGE
ADDED from AndroidManifest.xml:307:17
	android:name
		ADDED from AndroidManifest.xml:307:25
action#android.net.wifi.WIFI_STATE_CHANGED
ADDED from AndroidManifest.xml:308:17
	android:name
		ADDED from AndroidManifest.xml:308:25
action#android.intent.action.AIRPLANE_MODE
ADDED from AndroidManifest.xml:314:17
	android:name
		ADDED from AndroidManifest.xml:314:25
receiver#com.prey.receivers.AlarmReportReceiver
ADDED from AndroidManifest.xml:319:9
	android:name
		ADDED from AndroidManifest.xml:320:13
receiver#com.prey.receivers.AlarmScheduledReceiver
ADDED from AndroidManifest.xml:323:9
	android:name
		ADDED from AndroidManifest.xml:324:13
receiver#com.prey.receivers.C2DMReceiver
ADDED from AndroidManifest.xml:358:9
	android:permission
		ADDED from AndroidManifest.xml:358:66
	android:name
		ADDED from AndroidManifest.xml:358:19
intent-filter#com.google.android.c2dm.intent.RECEIVE+com.prey
ADDED from AndroidManifest.xml:361:13
action#com.google.android.c2dm.intent.RECEIVE
ADDED from AndroidManifest.xml:362:17
	android:name
		ADDED from AndroidManifest.xml:362:25
category#com.prey
ADDED from AndroidManifest.xml:363:17
	android:name
		ADDED from AndroidManifest.xml:363:27
intent-filter#com.google.android.c2dm.intent.REGISTRATION+com.prey
ADDED from AndroidManifest.xml:366:13
action#com.google.android.c2dm.intent.REGISTRATION
ADDED from AndroidManifest.xml:367:17
	android:name
		ADDED from AndroidManifest.xml:367:25
meta-data#com.google.android.gms.version
ADDED from AndroidManifest.xml:372:9
	android:value
		ADDED from AndroidManifest.xml:372:66
	android:name
		ADDED from AndroidManifest.xml:372:20